Log file open, 07/05/17 07:40:43
LogInit:Display: Running engine for game: BattleTank
LogPlatformFile: Not using cached read wrapper
LogInit:Display: RandInit(672555629) SRandInit(672555629).
LogTaskGraph: Started task graph with 5 named threads and 8 total threads with 1 sets of task threads.
LogStats: Stats thread started at 0.072968
LogInit: Using libcurl 7.47.1
LogInit:  - built for x86_64-pc-win32
LogInit:  - supports SSL with OpenSSL/1.0.2g
LogInit:  - supports HTTP deflate (compression) using libz 1.2.8
LogInit:  - other features:
LogInit:      CURL_VERSION_SSL
LogInit:      CURL_VERSION_LIBZ
LogInit:      CURL_VERSION_IPV6
LogInit:      CURL_VERSION_ASYNCHDNS
LogInit:      CURL_VERSION_LARGEFILE
LogInit:      CURL_VERSION_IDN
LogInit:  CurlRequestOptions (configurable via config and command line):
LogInit:  - bVerifyPeer = false  - Libcurl will NOT verify peer certificate
LogInit:  - bUseHttpProxy = false  - Libcurl will NOT use HTTP proxy
LogInit:  - bDontReuseConnections = false  - Libcurl will reuse connections
LogInit:  - CertBundlePath = nullptr  - Libcurl will use whatever was configured at build time.
LogInit: Build: ++UE4+Release-4.16-CL-3514769
LogInit: Engine Version: 4.16.2-3514769+++UE4+Release-4.16
LogInit: Compatible Engine Version: 4.16.0-3452394+++UE4+Release-4.16
LogInit: Net CL: 3452394
LogDevObjectVersion: Number of dev versions registered: 16
LogDevObjectVersion:   Dev-Blueprints (B0D832E4-1F89-4F0D-ACCF-7EB736FD4AA2): 9
LogDevObjectVersion:   Dev-Build (E1C64328-A22C-4D53-A36C-8E866417BD8C): 0
LogDevObjectVersion:   Dev-Core (375EC13C-06E4-48FB-B500-84F0262A717E): 2
LogDevObjectVersion:   Dev-Editor (E4B068ED-F494-42E9-A231-DA0B2E46BB41): 17
LogDevObjectVersion:   Dev-Framework (CFFC743F-43B0-4480-9391-14DF171D2073): 23
LogDevObjectVersion:   Dev-Mobile (B02B49B5-BB20-44E9-A304-32B752E40360): 0
LogDevObjectVersion:   Dev-Networking (A4E4105C-59A1-49B5-A7C5-40C4547EDFEE): 0
LogDevObjectVersion:   Dev-Online (39C831C9-5AE6-47DC-9A44-9C173E1C8E7C): 0
LogDevObjectVersion:   Dev-Physics (78F01B33-EBEA-4F98-B9B4-84EACCB95AA2): 0
LogDevObjectVersion:   Dev-Platform (6631380F-2D4D-43E0-8009-CF276956A95A): 0
LogDevObjectVersion:   Dev-Rendering (12F88B9F-8875-4AFC-A67C-D90C383ABD29): 15
LogDevObjectVersion:   Dev-Sequencer (7B5AE74C-D270-4C10-A958-57980B212A5A): 4
LogDevObjectVersion:   Dev-VR (D7296918-1DD6-4BDD-9DE2-64A83CC13884): 0
LogDevObjectVersion:   Dev-LoadTimes (C2A15278-BFE7-4AFE-6C17-90FF531DF755): 1
LogDevObjectVersion:   Private-Geometry (6EACA3D4-40EC-4CC1-B786-8BED09428FC5): 1
LogDevObjectVersion:   Dev-AnimPhys (29E575DD-E0A3-4627-9D10-D276232CDCEA): 3
LogInit: Compiled (64-bit): Jun 29 2017 02:03:24
LogInit: Compiled with Visual C++: 19.00.24215.01
LogInit: Build Configuration: Development
LogInit: Branch Name: ++UE4+Release-4.16
LogInit: Command line:  
LogInit: Base directory: D:/Epic Games/UE_4.16/Engine/Binaries/Win64/
LogInit: Installed Engine Build: 1
LogInit: Presizing for max 8388607 objects, including 0 objects not considered by GC, pre-allocating 0 bytes for permanent pool.
LogInit: Object subsystem initialized
[2017.07.05-11.40.44:293][  0]LogInit: Selected Device Profile: [Windows]
[2017.07.05-11.40.44:293][  0]LogInit: Applying CVar settings loaded from the selected device profile: [Windows]
[2017.07.05-11.40.44:324][  0]LogInit: Computer: DESKTOP-S0JGTID
[2017.07.05-11.40.44:324][  0]LogInit: User: shado
[2017.07.05-11.40.44:324][  0]LogInit: CPU Page size=4096, Cores=4
[2017.07.05-11.40.44:324][  0]LogInit: High frequency timer resolution =3.914061 MHz
[2017.07.05-11.40.44:325][  0]LogMemory: Memory total: Physical=12.0GB (12GB approx)
[2017.07.05-11.40.44:325][  0]LogMemory: Platform Memory Stats for Windows
[2017.07.05-11.40.44:325][  0]LogMemory: Process Physical Memory: 273.39 MB used, 273.39 MB peak
[2017.07.05-11.40.44:325][  0]LogMemory: Process Virtual Memory: 261.02 MB used, 261.02 MB peak
[2017.07.05-11.40.44:325][  0]LogMemory: Physical Memory: 5221.32 MB used,  7019.16 MB free, 12240.48 MB total
[2017.07.05-11.40.44:325][  0]LogMemory: Virtual Memory: 643.30 MB used,  7019.16 MB free, 134217728.00 MB total
[2017.07.05-11.40.44:384][  0]LogInit: Using OS detected language (en-US).
[2017.07.05-11.40.44:384][  0]LogInit: Using OS detected locale (en-US).
[2017.07.05-11.40.44:386][  0]LogTextLocalizationManager: No specific localization for 'en-US' exists, so the 'en' localization will be used.
[2017.07.05-11.40.45:062][  0]LogD3D11RHI: D3D11 adapters:
[2017.07.05-11.40.45:082][  0]LogD3D11RHI:    0. 'Radeon (TM) RX 480 Graphics' (Feature Level 11_0)
[2017.07.05-11.40.45:082][  0]LogD3D11RHI:       4044/0/6120 MB DedicatedVideo/DedicatedSystem/SharedSystem, Outputs:1, VendorId:0x1002
[2017.07.05-11.40.45:082][  0]LogD3D11RHI:    1. 'Microsoft Basic Render Driver' (Feature Level 11_0)
[2017.07.05-11.40.45:082][  0]LogD3D11RHI:       0/0/6120 MB DedicatedVideo/DedicatedSystem/SharedSystem, Outputs:0, VendorId:0x1414
[2017.07.05-11.40.45:082][  0]LogD3D11RHI: Chosen D3D11 Adapter: 0
[2017.07.05-11.40.45:089][  0]LogD3D11RHI: Creating new Direct3DDevice
[2017.07.05-11.40.45:089][  0]LogD3D11RHI:     GPU DeviceId: 0x67df (for the marketing name, search the web for "GPU Device Id")
[2017.07.05-11.40.45:089][  0]LogWindows: EnumDisplayDevices:
[2017.07.05-11.40.45:089][  0]LogWindows:    0. 'Radeon (TM) RX 480 Graphics' (P:1 D:1)
[2017.07.05-11.40.45:089][  0]LogWindows:    1. 'Radeon (TM) RX 480 Graphics' (P:0 D:0)
[2017.07.05-11.40.45:089][  0]LogWindows:    2. 'Radeon (TM) RX 480 Graphics' (P:0 D:0)
[2017.07.05-11.40.45:089][  0]LogWindows:    3. 'Radeon (TM) RX 480 Graphics' (P:0 D:0)
[2017.07.05-11.40.45:089][  0]LogWindows:    4. 'Radeon (TM) RX 480 Graphics' (P:0 D:0)
[2017.07.05-11.40.45:089][  0]LogWindows:    5. 'Radeon (TM) RX 480 Graphics' (P:0 D:0)
[2017.07.05-11.40.45:089][  0]LogWindows: DebugString: FoundDriverCount:6 
[2017.07.05-11.40.45:089][  0]LogD3D11RHI:     Adapter Name: Radeon (TM) RX 480 Graphics
[2017.07.05-11.40.45:089][  0]LogD3D11RHI:   Driver Version: Crimson ReLive 17.4.4 (internal:22.19.162.4, unified:22.19.162.4)
[2017.07.05-11.40.45:089][  0]LogD3D11RHI:      Driver Date: 4-24-2017
[2017.07.05-11.40.45:089][  0]LogRHI: Texture pool is 1361 MB (70% of 1945 MB)
[2017.07.05-11.40.45:139][  0]LogD3D11RHI: Async texture creation enabled
[2017.07.05-11.40.45:147][  0]LogD3D11RHI: GPU Timing Frequency: 25.000000 (Debug: 2 1)
[2017.07.05-11.40.45:148][  0]LogShaderCompilers: Guid format shader working directory is -5 characters bigger than the processId version (../../../../../UE4 Projects/Battle Tank/BattleTank/Intermediate/Shaders/WorkingDirectory/17300/).
[2017.07.05-11.40.45:148][  0]LogShaderCompilers: Cleaned the shader compiler working directory 'C:/Users/shado/AppData/Local/Temp/UnrealShaderWorkingDir/895D1A374F3D80B92CDBF9A91E445207/'.
[2017.07.05-11.40.45:148][  0]LogShaderCompilers:Display: Using Local Shader Compiler.
[2017.07.05-11.40.45:864][  0]LogTemp:Display: Loaded TP AllDesktopTargetPlatform
[2017.07.05-11.40.45:892][  0]LogTemp:Display: Loaded TP MacClientTargetPlatform
[2017.07.05-11.40.45:920][  0]LogTemp:Display: Loaded TP MacNoEditorTargetPlatform
[2017.07.05-11.40.45:947][  0]LogTemp:Display: Loaded TP MacServerTargetPlatform
[2017.07.05-11.40.45:974][  0]LogTemp:Display: Loaded TP MacTargetPlatform
[2017.07.05-11.40.46:001][  0]LogTemp:Display: Loaded TP WindowsClientTargetPlatform
[2017.07.05-11.40.46:028][  0]LogTemp:Display: Loaded TP WindowsNoEditorTargetPlatform
[2017.07.05-11.40.46:055][  0]LogTemp:Display: Loaded TP WindowsServerTargetPlatform
[2017.07.05-11.40.46:079][  0]LogTemp:Display: Loaded TP WindowsTargetPlatform
[2017.07.05-11.40.46:123][  0]LogTemp:Display: Loaded TP AndroidTargetPlatform
[2017.07.05-11.40.46:179][  0]LogTemp:Display: Loaded TP Android_ASTCTargetPlatform
[2017.07.05-11.40.46:223][  0]LogTemp:Display: Loaded TP Android_ATCTargetPlatform
[2017.07.05-11.40.46:252][  0]LogTemp:Display: Loaded TP Android_DXTTargetPlatform
[2017.07.05-11.40.46:279][  0]LogTemp:Display: Loaded TP Android_ETC1TargetPlatform
[2017.07.05-11.40.46:306][  0]LogTemp:Display: Loaded TP Android_ETC2TargetPlatform
[2017.07.05-11.40.46:359][  0]LogTemp:Display: Loaded TP Android_MultiTargetPlatform
[2017.07.05-11.40.46:359][  0]LogTemp:Display: Loaded TP Android_PVRTCTargetPlatform
[2017.07.05-11.40.46:379][  0]LogTemp:Display: Loaded TP HTML5TargetPlatform
[2017.07.05-11.40.46:440][  0]LogTemp:Display: Loaded TP IOSTargetPlatform
[2017.07.05-11.40.46:464][  0]LogTemp:Display: Loaded TP TVOSTargetPlatform
[2017.07.05-11.40.46:501][  0]LogTemp:Display: Loaded TP LinuxClientTargetPlatform
[2017.07.05-11.40.46:540][  0]LogTemp:Display: Loaded TP LinuxNoEditorTargetPlatform
[2017.07.05-11.40.46:577][  0]LogTemp:Display: Loaded TP LinuxServerTargetPlatform
[2017.07.05-11.40.46:613][  0]LogTemp:Display: Loaded TP LinuxTargetPlatform
[2017.07.05-11.40.46:613][  0]LogTargetPlatformManager:Display: Building Assets For Windows
[2017.07.05-11.40.46:925][  0]LogDerivedDataCache:Display: Max Cache Size: 512 MB
[2017.07.05-11.40.47:012][  0]LogDerivedDataCache: Loaded boot cache 0.09s 90MB C:/Users/shado/AppData/Local/UnrealEngine/4.16/DerivedDataCache/Boot.ddc.
[2017.07.05-11.40.47:012][  0]LogDerivedDataCache:Display: Loaded Boot cache: C:/Users/shado/AppData/Local/UnrealEngine/4.16/DerivedDataCache/Boot.ddc
[2017.07.05-11.40.47:012][  0]LogDerivedDataCache: FDerivedDataBackendGraph:  Pak pak cache file ../../../../../UE4 Projects/Battle Tank/BattleTank/DerivedDataCache/DDC.ddp not found, will not use a pak cache.
[2017.07.05-11.40.47:012][  0]LogDerivedDataCache: Unable to find inner node Pak for hierarchical cache Hierarchy.
[2017.07.05-11.40.47:012][  0]LogDerivedDataCache: FDerivedDataBackendGraph:  CompressedPak pak cache file ../../../../../UE4 Projects/Battle Tank/BattleTank/DerivedDataCache/Compressed.ddp not found, will not use a pak cache.
[2017.07.05-11.40.47:012][  0]LogDerivedDataCache: Unable to find inner node CompressedPak for hierarchical cache Hierarchy.
[2017.07.05-11.40.47:024][  0]LogDerivedDataCache:Display: Pak cache opened for reading ../../../Engine/DerivedDataCache/Compressed.ddp.
[2017.07.05-11.40.47:036][  0]LogDerivedDataCache: Using Local data cache path C:/Users/shado/AppData/Local/UnrealEngine/Common/DerivedDataCache: Writable
[2017.07.05-11.40.47:044][  0]LogMaterial: Verifying Global Shaders for PCD3D_SM5
[2017.07.05-11.40.47:044][  0]LogSlate: Using Freetype 2.6.0
[2017.07.05-11.40.47:044][  0]LogSlate: SlateFontCache - WITH_FREETYPE: 1, WITH_HARFBUZZ: 1
[2017.07.05-11.40.47:044][  0]LogSlate: SlateFontCache - WITH_FREETYPE: 1, WITH_HARFBUZZ: 1
[2017.07.05-11.40.47:266][  0]LogInit: Selected Device Profile: [Windows]
[2017.07.05-11.40.47:337][  0]LogContentStreaming: Texture pool size is 0.00 MB
[2017.07.05-11.40.47:447][  0]LogMeshUtilities: Using QuadricMeshReduction for automatic static mesh reduction
[2017.07.05-11.40.47:472][  0]LogSimplygon: Simplygon DLL not present - disabling.
[2017.07.05-11.40.47:498][  0]LogMeshUtilities: Using SimplygonSwarm for distributed automatic mesh merging
[2017.07.05-11.40.47:498][  0]LogMeshUtilities: No automatic skeletal mesh reduction module available
[2017.07.05-11.40.47:498][  0]LogMeshUtilities: No automatic mesh merging module available
[2017.07.05-11.40.47:867][  0]LogNetVersion: BattleTank , NetCL: 3452394, EngineNetVer: 2, GameNetVer: 0 (Checksum: 4114001466)
[2017.07.05-11.40.47:912][  0]LogAssetRegistry: FAssetRegistry took 0.0239 seconds to start up
[2017.07.05-11.40.47:944][  0]LogPackageLocalizationCache: Processed 4 localized package path(s) for 2 prioritized culture(s) in 0.020834 seconds
[2017.07.05-11.40.47:948][  0]LogUObjectArray: 34194 objects as part of root set at end of initial load.
[2017.07.05-11.40.47:948][  0]LogUObjectAllocator: 7260424 out of 0 bytes used by permanent object pool.
[2017.07.05-11.40.47:948][  0]LogUObjectArray: CloseDisregardForGC: 0/0 objects in disregard for GC pool
[2017.07.05-11.40.47:979][  0]LogInit: WinSock: version 1.1 (2.2), MaxSocks=32767, MaxUdp=65467
[2017.07.05-11.40.49:699][  0]LogTcpMessaging: Initializing TcpMessaging bridge
[2017.07.05-11.40.49:737][  0]LogUdpMessaging: Initializing bridge on interface 0.0.0.0:0 to multicast group 230.0.0.1:6666.
[2017.07.05-11.40.50:101][  0]LogMaterial: Uniform references updated for custom material expression Custom.
[2017.07.05-11.40.50:321][  0]SourceControl: Info Source control is disabled
[2017.07.05-11.40.50:350][  0]SourceControl: Info Source control is disabled
[2017.07.05-11.40.50:374][  0]SourceControl: Info Source control is disabled
[2017.07.05-11.40.50:397][  0]SourceControl: Info Source control is disabled
[2017.07.05-11.40.50:769][  0]LogAndroidPermission: UAndroidPermissionCallbackProxy::GetInstance
[2017.07.05-11.40.51:140][  0]LogEngine: Initializing Engine...
[2017.07.05-11.40.51:141][  0]LogHMD: Failed to initialize OpenVR with code 110
[2017.07.05-11.40.51:307][  0]LogStats: UGameplayTagsManager::ConstructGameplayTagTree: Construct from data asset -  0.000 s
[2017.07.05-11.40.51:307][  0]LogStats: UGameplayTagsManager::ConstructGameplayTagTree: GameplayTagTreeChangedEvent.Broadcast -  0.000 s
[2017.07.05-11.40.51:375][  0]LogAIModule: Creating AISystem for world Untitled
[2017.07.05-11.40.51:382][  0]LogInit: XAudio2 using 'Speakers (Turtle Beach P12)' : 2 channels at 48 kHz using 16 bits per sample (channel mask 0x3)
[2017.07.05-11.40.51:390][  0]LogInit: FAudioDevice initialized.
[2017.07.05-11.40.51:428][  0]LogDerivedDataCache: Saved boot cache 0.04s 90MB C:/Users/shado/AppData/Local/UnrealEngine/4.16/DerivedDataCache/Boot.ddc.
[2017.07.05-11.40.51:442][  0]LogInit: Texture streaming: Enabled
[2017.07.05-11.40.51:491][  0]LogEngineSessionManager: EngineSessionManager initialized
[2017.07.05-11.40.51:602][  0]LogInit: Transaction tracking system initialized
[2017.07.05-11.40.51:757][  0]BlueprintLog: New page: Editor Load
[2017.07.05-11.40.52:300][  0]LocalizationService: Info Localization service is disabled
[2017.07.05-11.40.52:708][  0]LogConsoleResponse:Display: 
[2017.07.05-11.40.52:812][  0]LogCook:Display: Max memory allowance for cook 16384mb min free memory 0mb
[2017.07.05-11.40.52:812][  0]LogCook:Display: Mobile HDR setting 1
[2017.07.05-11.40.52:880][  0]LogFileCache: Scanning file cache for directory 'D:/UE4 Projects/Battle Tank/BattleTank/Content/' took 0.01s
[2017.07.05-11.40.53:350][  0]SourceControl: Info Source control is disabled
[2017.07.05-11.40.53:350][  0]Cmd: MAP LOAD FILE="../../../../../UE4 Projects/Battle Tank/BattleTank/Content/BattleGround.umap" TEMPLATE=0 SHOWPROGRESS=1 FEATURELEVEL=3
[2017.07.05-11.40.53:350][  0]LightingResults: New page: Lighting Build
[2017.07.05-11.40.53:371][  0]MapCheck: New page: Map Check
[2017.07.05-11.40.53:371][  0]LightingResults: New page: Lighting Build
[2017.07.05-11.40.53:532][  0]LogAIModule: Creating AISystem for world BattleGround
[2017.07.05-11.40.53:570][  0]LogEditorServer: Finished looking for orphan Actors (0.000 secs)
[2017.07.05-11.40.53:583][  0]Cmd: MAP CHECKDEP NOCLEARLOG
[2017.07.05-11.40.53:615][  0]MapCheck: Info Map check complete: 0 Error(s), 0 Warning(s), took 32.026ms to complete.
[2017.07.05-11.40.53:615][  0]LogFileHelpers: Loading map 'BattleGround' took 0.266
[2017.07.05-11.40.53:799][  0]LogCollectionManager: Loaded 0 collections in 0.006442 seconds
[2017.07.05-11.40.53:873][  0]LogFileCache: Scanning file cache for directory 'D:/UE4 Projects/Battle Tank/BattleTank/Saved/Collections/' took 0.01s
[2017.07.05-11.40.53:874][  0]LogFileCache: Scanning file cache for directory 'D:/UE4 Projects/Battle Tank/BattleTank/Content/Developers/shado/Collections/' took 0.01s
[2017.07.05-11.40.53:874][  0]LogFileCache: Scanning file cache for directory 'D:/UE4 Projects/Battle Tank/BattleTank/Content/Collections/' took 0.01s
[2017.07.05-11.40.53:874][  0]LogCollectionManager: Rebuilt the GUID cache for 0 collections in 0.000001 seconds
[2017.07.05-11.40.53:882][  0]LogContentBrowser: Native class hierarchy populated in 0.0086 seconds. Added 2331 classes and 495 folders.
[2017.07.05-11.40.53:917][  0]LogContentBrowser: Native class hierarchy updated for 'WidgetCarousel' in 0.0008 seconds. Added 0 classes and 0 folders.
[2017.07.05-11.40.53:941][  0]LogContentBrowser: Native class hierarchy updated for 'AddContentDialog' in 0.0008 seconds. Added 0 classes and 0 folders.
[2017.07.05-11.40.53:992][  0]LogCrashTracker: Crashtracker disabled due to settings.
[2017.07.05-11.40.53:996][  0]LogSlate: Took 0.000154 seconds to synchronously load lazily loaded font '../../../Engine/Content/Slate/Fonts/Roboto-Regular.ttf' (155K)
[2017.07.05-11.40.53:999][  0]LogSlate: Took 0.000118 seconds to synchronously load lazily loaded font '../../../Engine/Content/Slate/Fonts/Roboto-Bold.ttf' (160K)
[2017.07.05-11.40.54:000][  0]LogSlate: Took 0.000151 seconds to synchronously load lazily loaded font '../../../Engine/Content/Editor/Slate/Fonts/FontAwesome.ttf' (139K)
[2017.07.05-11.40.54:001][  0]LogSlate: Took 0.000094 seconds to synchronously load lazily loaded font '../../../Engine/Content/Editor/Slate/Fonts/DroidSansMono.ttf' (77K)
[2017.07.05-11.40.54:070][  0]LogRenderer: Reallocating scene render targets to support 1080x428 NumSamples 1 (Frame:1).
[2017.07.05-11.40.54:179][  0]LogUObjectGlobals:Warning: Failed to find object 'Class None.'
[2017.07.05-11.40.54:223][  0]LogContentBrowser: Native class hierarchy updated for 'HierarchicalLODOutliner' in 0.0008 seconds. Added 1 classes and 2 folders.
[2017.07.05-11.40.54:223][  0]LogLoad: (Engine Initialization) Total time: 10.99 seconds
[2017.07.05-11.40.54:223][  0]LogLoad: (Engine Initialization) Total Blueprint compile time: 0.05 seconds
[2017.07.05-11.40.54:224][  0]LogExternalProfiler: Found external profiler: VSPerf
[2017.07.05-11.40.54:224][  0]LogExternalProfiler: Using external profiler: VSPerf
[2017.07.05-11.40.54:564][  0]LogOcInput: OculusInput pre-init called
[2017.07.05-11.40.54:564][  0]LogHMD: Starting GearVRController plugin
[2017.07.05-11.40.54:577][  0]LogAssetRegistry: Asset discovery search completed in 6.6864 seconds
[2017.07.05-11.40.54:579][  0]LogCollectionManager: Rebuilt the object cache for 0 collections in 0.000001 seconds (found 0 objects)
[2017.07.05-11.40.54:579][  0]LogCollectionManager: Fixed up redirectors for 0 collections in 0.000187 seconds (updated 0 objects)
[2017.07.05-11.40.54:583][  0]LogContentStreaming: Texture pool size now 1000 MB
[2017.07.05-11.41.15:791][747]Cmd: DELETE
[2017.07.05-11.41.15:791][747]Cmd: ACTOR DELETE
[2017.07.05-11.41.15:792][747]LogEditorActor: Deleted Actor: Landscape
[2017.07.05-11.41.15:807][747]LogEditorActor: Deleted 1 Actors (0.016 secs)
[2017.07.05-11.41.51:542][238]LogTexture:Display: Building textures: Texture2D_2 (G8, 128X128)
[2017.07.05-11.41.56:227][797]LogSlate: Took 0.000108 seconds to synchronously load lazily loaded font '../../../Engine/Content/Slate/Fonts/Roboto-Light.ttf' (159K)
[2017.07.05-11.41.56:273][797]LogTexture:Display: Building textures: Texture2D_1 (BGRA8, 512X512)
[2017.07.05-11.41.58:406][ 36]Cmd: OBJ SAVEPACKAGE PACKAGE="/Game/BattleGround" FILE="../../../../../UE4 Projects/Battle Tank/BattleTank/Content/BattleGround.umap" SILENT=true AUTOSAVING=false KEEPDIRTY=false
[2017.07.05-11.41.58:732][ 36]LogSavePackage: Save=318.01ms
[2017.07.05-11.41.58:732][ 36]LogSavePackage: Moving '../../../../../UE4 Projects/Battle Tank/BattleTank/Saved/BattleGround1BEE773846E2485B4E53529A0740E279.tmp' to '../../../../../UE4 Projects/Battle Tank/BattleTank/Content/BattleGround.umap'
[2017.07.05-11.41.58:734][ 36]LogSavePackage:Display: Finished SavePackage ../../../../../UE4 Projects/Battle Tank/BattleTank/Content/BattleGround.umap
